[im.web.akamaidemo.com/index.html]
[backblue.gif]
[fade.gif]
[index.html]
[im.web.akamaidemo.com/retail_files/styles7429.css]
[im.web.akamaidemo.com/retail_files/background/background.jpg]
[im.web.akamaidemo.com/jacket.html]
[im.web.akamaidemo.com/video/leather84bf.mp4]
[im.web.akamaidemo.com/video/leather-mobile-cropped.mp4]
[im.web.akamaidemo.com/retail_files/jacket.jpg]
[im.web.akamaidemo.com/womenstops.html]
[im.web.akamaidemo.com/retail_files/sparkler6311.jpg]
[im.web.akamaidemo.com/jewelry.html]
[im.web.akamaidemo.com/retail_files/accessories4503.jpg]
[im.web.akamaidemo.com/retail_files/mens_accessoriesafb2.jpg]
[im.web.akamaidemo.com/retail_files/mens_jeans4503.jpg]
[im.web.akamaidemo.com/retail_files/leather_jacket8cd8.jpg]
[im.web.akamaidemo.com/retail_files/leather_jacketafb2.jpg]
[im.web.akamaidemo.com/index.html]
[im.web.akamaidemo.com/retail_files/styles7429.css]
[im.web.akamaidemo.com/retail_files/styles.css]
[im.web.akamaidemo.com/retail_files/viewer/js/akamai-viewer.js]
[im.web.akamaidemo.com/retail_files/viewer/css/akamai-viewer.css]
[im.web.akamaidemo.com/video/jacket-poster.jpg]
[im.web.akamaidemo.com/video/jacket-new.mp4]
[im.web.akamaidemo.com/video/jacket-new1363.mp4]
[im.web.akamaidemo.com/jacket.html]
[im.web.akamaidemo.com/retail_files/reviews.jpg]
[im.web.akamaidemo.com/retail_files/socialc4ca.jpg]
[im.web.akamaidemo.com/womenstops.html]
[im.web.akamaidemo.com/jewelry.html]
[im.web.akamaidemo.com/retail_files/styles.css]
[im.web.akamaidemo.com/retail_files/img/360-light.svg]
[im.web.akamaidemo.com/retail_files/img/360.svg]
[im.web.akamaidemo.com/retail_files/img/fullscreen-light.svg]
[im.web.akamaidemo.com/retail_files/viewer/css/akamai-viewer.css]
[im.web.akamaidemo.com/retail_files/img/arrow-forward.svg]
[im.web.akamaidemo.com/retail_files/img/arrow-back.svg]
[im.web.akamaidemo.com/retail_files/img/video-light.svg]
[im.web.akamaidemo.com/retail_files/img/360-light.svg]
[im.web.akamaidemo.com/retail_files/img/360.svg]
[im.web.akamaidemo.com/retail_files/img/close.svg]
[im.web.akamaidemo.com/retail_files/img/muted.svg]
[im.web.akamaidemo.com/retail_files/img/pause.svg]
[im.web.akamaidemo.com/retail_files/img/play.svg]
[im.web.akamaidemo.com/retail_files/img/video.svg]
[im.web.akamaidemo.com/retail_files/img/volume.svg]
[im.web.akamaidemo.com/retail_files/img/zoom-in.svg]
[im.web.akamaidemo.com/retail_files/img/zoom-out.svg]
[im.web.akamaidemo.com/retail_files/img/fullscreen.svg]
[im.web.akamaidemo.com/retail_files/img/arrow-back-light.svg]
[im.web.akamaidemo.com/retail_files/img/arrow-forward-light.svg]
[im.web.akamaidemo.com/retail_files/img/close-light.svg]
[im.web.akamaidemo.com/retail_files/img/muted-light.svg]
[im.web.akamaidemo.com/retail_files/img/pause-light.svg]
[im.web.akamaidemo.com/retail_files/img/play-light.svg]
[im.web.akamaidemo.com/retail_files/img/volume-light.svg]
[im.web.akamaidemo.com/retail_files/img/zoom-in-light.svg]
[im.web.akamaidemo.com/retail_files/img/zoom-out-light.svg]
[im.web.akamaidemo.com/retail_files/img/fullscreen-light.svg]
